{"app_name":"microservice","function":"performance/utils.MiddlewareRequest.func1","file":"middleware.go","line":13,"level":"FATAL","message":"COOL","timestamp":"2020-09-20T03:47:03.331465+04:00"}
{"app_name":"microservice","function":"performance/utils.MiddlewareRequest.func1","file":"middleware.go","line":13,"level":"FATAL","message":"COOL","timestamp":"2020-09-20T03:47:06.14102+04:00"}
{"app_name":"microservice","function":"performance/utils.MiddlewareRequest.func1","file":"middleware.go","line":13,"level":"FATAL","message":"COOL","timestamp":"2020-09-20T03:47:48.48576+04:00"}
{"app_name":"microservice","function":"performance/utils.MiddlewareRequest.func1","file":"middleware.go","line":13,"level":"FATAL","message":"COOL","timestamp":"2020-09-20T03:47:48.946556+04:00"}
{"app_name":"microservice","function":"performance/utils.MiddlewareRequest.func1","file":"middleware.go","line":13,"level":"FATAL","message":"COOL","timestamp":"2020-09-20T03:47:49.28923+04:00"}
{"app_name":"microservice","function":"main.main","file":"main.go","line":15,"level":"FATAL","message":"Error","timestamp":"2020-09-20T03:49:55.452482+04:00"}
{"app_name":"microservice","function":"main.main","file":"main.go","line":15,"level":"FATAL","message":"Error","timestamp":"2020-09-20T03:51:45.47043+04:00"}
{"app_name":"microservice","function":"main.main","file":"main.go","line":15,"level":"FATAL","message":"Error","timestamp":"2020-09-20T03:51:57.222202+04:00"}
{"app_name":"microservice","function":"performance/utils.MiddlewareRequest.func1","file":"middleware.go","line":13,"level":"DEBUG","message":"COOL","timestamp":"2020-09-20T03:51:58.446634+04:00"}
{"app_name":"microservice","function":"performance/utils.MiddlewareRequest.func1","file":"middleware.go","line":13,"level":"DEBUG","message":"COOL","timestamp":"2020-09-20T03:51:59.078544+04:00"}
{"app_name":"microservice","function":"performance/utils.MiddlewareRequest.func1","file":"middleware.go","line":13,"level":"DEBUG","message":"COOL","timestamp":"2020-09-20T03:51:59.304748+04:00"}
{"app_name":"microservice","function":"performance/utils.MiddlewareRequest.func1","file":"middleware.go","line":13,"level":"DEBUG","message":"COOL","timestamp":"2020-09-20T03:51:59.503313+04:00"}
{"app_name":"microservice","function":"performance/utils.MiddlewareRequest.func1","file":"middleware.go","line":13,"level":"DEBUG","message":"COOL","timestamp":"2020-09-20T03:51:59.686436+04:00"}
{"app_name":"microservice","function":"main.main","file":"main.go","line":15,"level":"FATAL","message":"Error","timestamp":"2020-09-20T14:05:15.372928+04:00"}
{"app_name":"microservice","function":"performance/utils.MiddlewareRequest.func1","file":"middleware.go","line":13,"level":"DEBUG","message":"COOL","timestamp":"2020-09-20T14:05:17.783724+04:00"}
{"app_name":"microservice","function":"performance/utils.MiddlewareRequest.func1","file":"middleware.go","line":13,"level":"DEBUG","message":"COOL","timestamp":"2020-09-20T14:05:19.151793+04:00"}
{"app_name":"microservice","function":"performance/utils.MiddlewareRequest.func1","file":"middleware.go","line":13,"level":"DEBUG","message":"COOL","timestamp":"2020-09-20T14:05:22.168592+04:00"}
{"app_name":"microservice","function":"performance/utils.MiddlewareRequest.func1","file":"middleware.go","line":13,"level":"DEBUG","message":"COOL","timestamp":"2020-09-20T14:05:22.366132+04:00"}
{"app_name":"microservice","function":"performance/utils.MiddlewareRequest.func1","file":"middleware.go","line":13,"level":"DEBUG","message":"COOL","timestamp":"2020-09-20T14:05:24.926497+04:00"}
{"app_name":"microservice","function":"performance/utils.MiddlewareRequest.func1","file":"middleware.go","line":13,"level":"DEBUG","message":"COOL","timestamp":"2020-09-20T14:05:25.077882+04:00"}
{"app_name":"microservice","function":"performance/utils.MiddlewareRequest.func1","file":"middleware.go","line":13,"level":"DEBUG","message":"COOL","timestamp":"2020-09-20T14:05:26.7398+04:00"}
{"app_name":"microservice","function":"performance/utils.MiddlewareRequest.func1","file":"middleware.go","line":13,"level":"DEBUG","message":"COOL","timestamp":"2020-09-20T14:05:26.873035+04:00"}
{"app_name":"microservice","function":"performance/utils.MiddlewareRequest.func1","file":"middleware.go","line":13,"level":"DEBUG","message":"COOL","timestamp":"2020-09-20T14:05:28.254793+04:00"}
{"app_name":"microservice","function":"performance/utils.MiddlewareRequest.func1","file":"middleware.go","line":13,"level":"DEBUG","message":"COOL","timestamp":"2020-09-20T14:05:28.417892+04:00"}
{"app_name":"microservice","function":"performance/utils.MiddlewareRequest.func1","file":"middleware.go","line":13,"level":"DEBUG","message":"COOL","timestamp":"2020-09-20T14:05:28.642584+04:00"}
{"app_name":"microservice","function":"performance/utils.MiddlewareRequest.func1","file":"middleware.go","line":13,"level":"DEBUG","message":"COOL","timestamp":"2020-09-20T14:05:28.793886+04:00"}
{"app_name":"microservice","function":"performance/utils.MiddlewareRequest.func1","file":"middleware.go","line":13,"level":"DEBUG","message":"COOL","timestamp":"2020-09-20T14:05:28.89563+04:00"}
{"app_name":"microservice","function":"performance/utils.MiddlewareRequest.func1","file":"middleware.go","line":13,"level":"DEBUG","message":"COOL","timestamp":"2020-09-20T14:05:29.029287+04:00"}
{"app_name":"microservice","function":"performance/utils.MiddlewareRequest.func1","file":"middleware.go","line":13,"level":"DEBUG","message":"COOL","timestamp":"2020-09-20T14:05:29.095729+04:00"}
{"app_name":"microservice","function":"performance/utils.MiddlewareRequest.func1","file":"middleware.go","line":13,"level":"DEBUG","message":"COOL","timestamp":"2020-09-20T14:05:29.317866+04:00"}
{"app_name":"microservice","function":"performance/utils.MiddlewareRequest.func1","file":"middleware.go","line":13,"level":"DEBUG","message":"COOL","timestamp":"2020-09-20T14:05:29.32192+04:00"}
{"app_name":"microservice","function":"performance/utils.MiddlewareRequest.func1","file":"middleware.go","line":13,"level":"DEBUG","message":"COOL","timestamp":"2020-09-20T14:05:29.475943+04:00"}
{"app_name":"microservice","function":"performance/utils.MiddlewareRequest.func1","file":"middleware.go","line":13,"level":"DEBUG","message":"COOL","timestamp":"2020-09-20T14:05:29.697197+04:00"}
{"app_name":"microservice","function":"performance/utils.MiddlewareRequest.func1","file":"middleware.go","line":13,"level":"DEBUG","message":"COOL","timestamp":"2020-09-20T14:05:30.184147+04:00"}
{"app_name":"microservice","function":"performance/utils.MiddlewareRequest.func1","file":"middleware.go","line":13,"level":"DEBUG","message":"COOL","timestamp":"2020-09-20T14:05:30.190813+04:00"}
{"app_name":"microservice","function":"performance/utils.MiddlewareRequest.func1","file":"middleware.go","line":13,"level":"DEBUG","message":"COOL","timestamp":"2020-09-20T14:05:30.3995+04:00"}
{"app_name":"microservice","function":"performance/utils.MiddlewareRequest.func1","file":"middleware.go","line":13,"level":"DEBUG","message":"COOL","timestamp":"2020-09-20T19:32:07.050277+04:00"}
{"app_name":"microservice","function":"performance/utils.MiddlewareRequest.func1","file":"middleware.go","line":13,"level":"DEBUG","message":"COOL","timestamp":"2020-09-20T19:32:07.288593+04:00"}
{"app_name":"microservice","function":"performance/utils.MiddlewareRequest.func1","file":"middleware.go","line":13,"level":"DEBUG","message":"COOL","timestamp":"2020-09-20T19:32:07.746062+04:00"}
{"app_name":"microservice","function":"performance/utils.MiddlewareRequest.func1","file":"middleware.go","line":13,"level":"DEBUG","message":"COOL","timestamp":"2020-09-20T19:32:08.095222+04:00"}
{"app_name":"microservice","function":"main.main","file":"main.go","line":15,"level":"FATAL","message":"Error","timestamp":"2020-09-20T19:33:34.241624+04:00"}
{"app_name":"microservice","function":"performance/utils.MiddlewareRequest.func1","file":"middleware.go","line":13,"level":"DEBUG","message":"COOL","timestamp":"2020-09-20T19:33:34.669862+04:00"}
{"app_name":"microservice","function":"performance/utils.MiddlewareRequest.func1","file":"middleware.go","line":13,"level":"DEBUG","message":"COOL","timestamp":"2020-09-20T19:33:34.983772+04:00"}
{"app_name":"microservice","function":"main.main","file":"main.go","line":15,"level":"FATAL","message":"Error","timestamp":"2020-09-20T19:33:47.699711+04:00"}
{"app_name":"microservice","function":"performance/utils.MiddlewareRequest.func1","file":"middleware.go","line":13,"level":"DEBUG","message":"COOL","timestamp":"2020-09-20T19:33:48.347218+04:00"}
{"app_name":"microservice","function":"performance/utils.MiddlewareRequest.func1","file":"middleware.go","line":13,"level":"DEBUG","message":"COOL","timestamp":"2020-09-20T19:33:48.659438+04:00"}
{"app_name":"microservice","function":"performance/utils.MiddlewareRequest.func1","file":"middleware.go","line":13,"level":"DEBUG","message":"COOL","timestamp":"2020-09-20T19:34:11.976839+04:00"}
{"app_name":"microservice","function":"performance/utils.MiddlewareRequest.func1","file":"middleware.go","line":13,"level":"DEBUG","message":"COOL","timestamp":"2020-09-20T19:34:12.16151+04:00"}
{"app_name":"microservice","function":"main.main","file":"main.go","line":15,"level":"FATAL","message":"Error","timestamp":"2020-09-20T19:34:16.722431+04:00"}
{"app_name":"microservice","function":"performance/utils.MiddlewareRequest.func1","file":"middleware.go","line":13,"level":"DEBUG","message":"COOL","timestamp":"2020-09-20T19:34:17.083401+04:00"}
{"app_name":"microservice","function":"performance/utils.MiddlewareRequest.func1","file":"middleware.go","line":13,"level":"DEBUG","message":"COOL","timestamp":"2020-09-20T19:34:17.396177+04:00"}
{"app_name":"microservice","function":"performance/utils.MiddlewareRequest.func1","file":"middleware.go","line":13,"level":"DEBUG","message":"COOL","timestamp":"2020-09-20T19:34:17.762797+04:00"}
{"app_name":"microservice","function":"performance/utils.MiddlewareRequest.func1","file":"middleware.go","line":13,"level":"DEBUG","message":"COOL","timestamp":"2020-09-20T19:34:17.915371+04:00"}
{"app_name":"microservice","function":"performance/utils.MiddlewareRequest.func1","file":"middleware.go","line":13,"level":"DEBUG","message":"COOL","timestamp":"2020-09-20T19:34:18.217155+04:00"}
{"app_name":"microservice","function":"performance/utils.MiddlewareRequest.func1","file":"middleware.go","line":13,"level":"DEBUG","message":"COOL","timestamp":"2020-09-20T19:34:18.397811+04:00"}
{"app_name":"microservice","function":"performance/utils.MiddlewareRequest.func1","file":"middleware.go","line":13,"level":"DEBUG","message":"COOL","timestamp":"2020-09-20T19:34:18.647815+04:00"}
{"app_name":"microservice","function":"performance/utils.MiddlewareRequest.func1","file":"middleware.go","line":13,"level":"DEBUG","message":"COOL","timestamp":"2020-09-20T19:34:19.038705+04:00"}
{"app_name":"microservice","function":"performance/utils.MiddlewareRequest.func1","file":"middleware.go","line":13,"level":"DEBUG","message":"COOL","timestamp":"2020-09-20T19:34:19.197358+04:00"}
{"app_name":"microservice","function":"performance/utils.MiddlewareRequest.func1","file":"middleware.go","line":13,"level":"DEBUG","message":"COOL","timestamp":"2020-09-20T19:34:19.825895+04:00"}
{"app_name":"microservice","function":"performance/utils.MiddlewareRequest.func1","file":"middleware.go","line":13,"level":"DEBUG","message":"COOL","timestamp":"2020-09-20T19:34:19.968722+04:00"}
{"app_name":"microservice","function":"performance/utils.MiddlewareRequest.func1","file":"middleware.go","line":13,"level":"DEBUG","message":"COOL","timestamp":"2020-09-20T19:34:19.993933+04:00"}
{"app_name":"microservice","function":"performance/utils.MiddlewareRequest.func1","file":"middleware.go","line":13,"level":"DEBUG","message":"COOL","timestamp":"2020-09-20T19:34:20.231574+04:00"}
{"app_name":"microservice","function":"performance/utils.MiddlewareRequest.func1","file":"middleware.go","line":13,"level":"DEBUG","message":"COOL","timestamp":"2020-09-20T19:34:20.234515+04:00"}
{"app_name":"microservice","function":"performance/utils.MiddlewareRequest.func1","file":"middleware.go","line":13,"level":"DEBUG","message":"COOL","timestamp":"2020-09-20T19:34:20.409515+04:00"}
{"app_name":"microservice","function":"performance/utils.MiddlewareRequest.func1","file":"middleware.go","line":13,"level":"DEBUG","message":"COOL","timestamp":"2020-09-20T19:34:20.620563+04:00"}
{"app_name":"microservice","function":"performance/utils.MiddlewareRequest.func1","file":"middleware.go","line":13,"level":"DEBUG","message":"COOL","timestamp":"2020-09-20T19:34:20.844868+04:00"}
{"app_name":"microservice","function":"performance/utils.MiddlewareRequest.func1","file":"middleware.go","line":13,"level":"DEBUG","message":"COOL","timestamp":"2020-09-20T19:34:21.137261+04:00"}
{"app_name":"microservice","function":"performance/utils.MiddlewareRequest.func1","file":"middleware.go","line":13,"level":"DEBUG","message":"COOL","timestamp":"2020-09-20T19:34:21.282296+04:00"}
{"app_name":"microservice","function":"performance/utils.MiddlewareRequest.func1","file":"middleware.go","line":13,"level":"DEBUG","message":"COOL","timestamp":"2020-09-20T19:34:21.78102+04:00"}
{"app_name":"microservice","function":"performance/utils.MiddlewareRequest.func1","file":"middleware.go","line":13,"level":"DEBUG","message":"COOL","timestamp":"2020-09-20T19:34:25.631097+04:00"}
{"app_name":"microservice","function":"performance/utils.MiddlewareRequest.func1","file":"middleware.go","line":13,"level":"DEBUG","message":"COOL","timestamp":"2020-09-20T19:34:25.753761+04:00"}
{"app_name":"microservice","function":"performance/utils.MiddlewareRequest.func1","file":"middleware.go","line":13,"level":"DEBUG","message":"COOL","timestamp":"2020-09-20T19:34:26.136733+04:00"}
{"app_name":"microservice","function":"performance/utils.MiddlewareRequest.func1","file":"middleware.go","line":13,"level":"DEBUG","message":"COOL","timestamp":"2020-09-20T19:34:26.29646+04:00"}
{"app_name":"microservice","function":"performance/utils.MiddlewareRequest.func1","file":"middleware.go","line":13,"level":"DEBUG","message":"COOL","timestamp":"2020-09-20T19:34:26.678853+04:00"}
{"app_name":"microservice","function":"performance/utils.MiddlewareRequest.func1","file":"middleware.go","line":13,"level":"DEBUG","message":"COOL","timestamp":"2020-09-20T19:34:26.819876+04:00"}
{"app_name":"microservice","function":"performance/utils.MiddlewareRequest.func1","file":"middleware.go","line":13,"level":"DEBUG","message":"COOL","timestamp":"2020-09-20T19:34:27.263406+04:00"}
{"app_name":"microservice","function":"performance/utils.MiddlewareRequest.func1","file":"middleware.go","line":13,"level":"DEBUG","message":"COOL","timestamp":"2020-09-20T19:34:27.508507+04:00"}
{"app_name":"microservice","function":"performance/utils.MiddlewareRequest.func1","file":"middleware.go","line":13,"level":"DEBUG","message":"COOL","timestamp":"2020-09-20T19:34:27.789853+04:00"}
{"app_name":"microservice","function":"performance/utils.MiddlewareRequest.func1","file":"middleware.go","line":13,"level":"DEBUG","message":"COOL","timestamp":"2020-09-20T19:34:27.962758+04:00"}
{"app_name":"microservice","function":"performance/utils.MiddlewareRequest.func1","file":"middleware.go","line":13,"level":"DEBUG","message":"COOL","timestamp":"2020-09-20T19:34:28.056935+04:00"}
{"app_name":"microservice","function":"main.main","file":"main.go","line":15,"level":"FATAL","message":"Error","timestamp":"2020-09-20T19:40:33.797138+04:00"}
{"app_name":"microservice","function":"performance/utils.MiddlewareRequest.func1","file":"middleware.go","line":13,"level":"DEBUG","message":"COOL","timestamp":"2020-09-20T19:40:37.618346+04:00"}
{"app_name":"microservice","function":"performance/utils.MiddlewareRequest.func1","file":"middleware.go","line":13,"level":"DEBUG","message":"COOL","timestamp":"2020-09-20T19:40:37.803311+04:00"}
{"app_name":"microservice","function":"main.main","file":"main.go","line":15,"level":"FATAL","message":"Error","timestamp":"2020-09-20T19:41:15.961893+04:00"}
{"app_name":"microservice","function":"performance/utils.MiddlewareRequest.func1","file":"middleware.go","line":13,"level":"DEBUG","message":"COOL","timestamp":"2020-09-20T19:41:18.248844+04:00"}
{"app_name":"microservice","function":"performance/utils.MiddlewareRequest.func1","file":"middleware.go","line":13,"level":"DEBUG","message":"COOL","timestamp":"2020-09-20T19:41:18.416792+04:00"}
{"app_name":"microservice","function":"performance/utils.MiddlewareRequest.func1","file":"middleware.go","line":13,"level":"DEBUG","message":"COOL","timestamp":"2020-09-20T19:41:18.997232+04:00"}
{"app_name":"microservice","function":"performance/utils.MiddlewareRequest.func1","file":"middleware.go","line":13,"level":"DEBUG","message":"COOL","timestamp":"2020-09-20T19:41:19.219137+04:00"}
{"app_name":"microservice","function":"performance/utils.MiddlewareRequest.func1","file":"middleware.go","line":13,"level":"DEBUG","message":"COOL","timestamp":"2020-09-20T19:41:19.383555+04:00"}
{"app_name":"microservice","function":"performance/utils.MiddlewareRequest.func1","file":"middleware.go","line":13,"level":"DEBUG","message":"COOL","timestamp":"2020-09-20T19:41:19.592923+04:00"}
{"app_name":"microservice","function":"performance/utils.MiddlewareRequest.func1","file":"middleware.go","line":13,"level":"DEBUG","message":"COOL","timestamp":"2020-09-20T19:41:19.724192+04:00"}
{"app_name":"microservice","function":"performance/utils.MiddlewareRequest.func1","file":"middleware.go","line":13,"level":"DEBUG","message":"COOL","timestamp":"2020-09-20T19:41:19.858851+04:00"}
{"app_name":"microservice","function":"performance/utils.MiddlewareRequest.func1","file":"middleware.go","line":13,"level":"DEBUG","message":"COOL","timestamp":"2020-09-20T19:41:20.00599+04:00"}
{"app_name":"microservice","function":"performance/utils.MiddlewareRequest.func1","file":"middleware.go","line":13,"level":"DEBUG","message":"COOL","timestamp":"2020-09-20T19:41:20.15497+04:00"}
{"app_name":"microservice","function":"main.main","file":"main.go","line":15,"level":"FATAL","message":"Error","timestamp":"2020-09-20T19:42:13.318778+04:00"}
{"app_name":"microservice","function":"performance/utils.MiddlewareRequest.func1","file":"middleware.go","line":13,"level":"DEBUG","message":"COOL","timestamp":"2020-09-20T19:42:16.066571+04:00"}
{"app_name":"microservice","function":"performance/utils.MiddlewareRequest.func1","file":"middleware.go","line":13,"level":"DEBUG","message":"COOL","timestamp":"2020-09-20T19:42:16.212326+04:00"}
{"app_name":"microservice","function":"main.main","file":"main.go","line":15,"level":"FATAL","message":"Error","timestamp":"2020-09-20T19:47:03.710717+04:00"}
{"app_name":"microservice","function":"performance/utils.MiddlewareRequest.func1","file":"middleware.go","line":13,"level":"DEBUG","message":"COOL","timestamp":"2020-09-20T19:47:04.195384+04:00"}
{"app_name":"microservice","function":"performance/utils.MiddlewareRequest.func1","file":"middleware.go","line":13,"level":"DEBUG","message":"COOL","timestamp":"2020-09-20T19:47:04.41306+04:00"}
{"app_name":"microservice","function":"performance/utils.MiddlewareRequest.func1","file":"middleware.go","line":13,"level":"DEBUG","message":"COOL","timestamp":"2020-09-20T19:47:05.584659+04:00"}
{"app_name":"microservice","function":"performance/utils.MiddlewareRequest.func1","file":"middleware.go","line":13,"level":"DEBUG","message":"COOL","timestamp":"2020-09-20T19:47:05.858666+04:00"}
{"app_name":"microservice","function":"performance/utils.MiddlewareRequest.func1","file":"middleware.go","line":13,"level":"DEBUG","message":"COOL","timestamp":"2020-09-20T19:47:06.464822+04:00"}
{"app_name":"microservice","function":"performance/utils.MiddlewareRequest.func1","file":"middleware.go","line":13,"level":"DEBUG","message":"COOL","timestamp":"2020-09-20T19:47:06.669369+04:00"}
{"app_name":"microservice","function":"performance/utils.MiddlewareRequest.func1","file":"middleware.go","line":13,"level":"DEBUG","message":"COOL","timestamp":"2020-09-20T19:47:07.04292+04:00"}
{"app_name":"microservice","function":"performance/utils.MiddlewareRequest.func1","file":"middleware.go","line":13,"level":"DEBUG","message":"COOL","timestamp":"2020-09-20T19:47:07.156467+04:00"}
{"app_name":"microservice","function":"performance/utils.MiddlewareRequest.func1","file":"middleware.go","line":13,"level":"DEBUG","message":"COOL","timestamp":"2020-09-20T19:47:07.585293+04:00"}
{"app_name":"microservice","function":"performance/utils.MiddlewareRequest.func1","file":"middleware.go","line":13,"level":"DEBUG","message":"COOL","timestamp":"2020-09-20T19:47:07.7103+04:00"}
{"app_name":"microservice","function":"performance/utils.MiddlewareRequest.func1","file":"middleware.go","line":13,"level":"DEBUG","message":"COOL","timestamp":"2020-09-20T19:47:12.065158+04:00"}
{"app_name":"microservice","function":"performance/utils.MiddlewareRequest.func1","file":"middleware.go","line":13,"level":"DEBUG","message":"COOL","timestamp":"2020-09-20T19:47:12.180229+04:00"}
{"app_name":"microservice","function":"performance/utils.MiddlewareRequest.func1","file":"middleware.go","line":13,"level":"DEBUG","message":"COOL","timestamp":"2020-09-20T19:47:53.147605+04:00"}
{"app_name":"microservice","function":"performance/utils.MiddlewareRequest.func1","file":"middleware.go","line":13,"level":"DEBUG","message":"COOL","timestamp":"2020-09-20T19:47:53.312204+04:00"}
{"app_name":"microservice","function":"main.main","file":"main.go","line":15,"level":"FATAL","message":"Error","timestamp":"2020-09-20T19:47:57.834451+04:00"}
{"app_name":"microservice","function":"performance/utils.MiddlewareRequest.func1","file":"middleware.go","line":13,"level":"DEBUG","message":"COOL","timestamp":"2020-09-20T19:47:57.868472+04:00"}
{"app_name":"microservice","function":"performance/utils.MiddlewareRequest.func1","file":"middleware.go","line":13,"level":"DEBUG","message":"COOL","timestamp":"2020-09-20T19:47:58.185089+04:00"}
{"app_name":"microservice","function":"performance/utils.MiddlewareRequest.func1","file":"middleware.go","line":13,"level":"DEBUG","message":"COOL","timestamp":"2020-09-20T19:47:58.382175+04:00"}
{"app_name":"microservice","function":"performance/utils.MiddlewareRequest.func1","file":"middleware.go","line":13,"level":"DEBUG","message":"COOL","timestamp":"2020-09-20T19:47:58.615428+04:00"}
{"app_name":"microservice","function":"performance/utils.MiddlewareRequest.func1","file":"middleware.go","line":13,"level":"DEBUG","message":"COOL","timestamp":"2020-09-20T19:47:59.158205+04:00"}
{"app_name":"microservice","function":"performance/utils.MiddlewareRequest.func1","file":"middleware.go","line":13,"level":"DEBUG","message":"COOL","timestamp":"2020-09-20T19:47:59.329825+04:00"}
{"app_name":"microservice","function":"performance/utils.MiddlewareRequest.func1","file":"middleware.go","line":13,"level":"DEBUG","message":"COOL","timestamp":"2020-09-20T19:47:59.801621+04:00"}
{"app_name":"microservice","function":"performance/utils.MiddlewareRequest.func1","file":"middleware.go","line":13,"level":"DEBUG","message":"COOL","timestamp":"2020-09-20T19:48:00.04153+04:00"}
{"app_name":"microservice","function":"main.main","file":"main.go","line":15,"level":"FATAL","message":"Error","timestamp":"2020-09-20T19:48:22.824452+04:00"}
{"app_name":"microservice","function":"performance/utils.MiddlewareRequest.func1","file":"middleware.go","line":13,"level":"DEBUG","message":"COOL","timestamp":"2020-09-20T19:48:26.291452+04:00"}
{"app_name":"microservice","function":"performance/utils.MiddlewareRequest.func1","file":"middleware.go","line":13,"level":"DEBUG","message":"COOL","timestamp":"2020-09-20T19:48:26.422635+04:00"}
{"app_name":"microservice","function":"performance/utils.MiddlewareRequest.func1","file":"middleware.go","line":13,"level":"DEBUG","message":"COOL","timestamp":"2020-09-20T19:48:27.227049+04:00"}
{"app_name":"microservice","function":"performance/utils.MiddlewareRequest.func1","file":"middleware.go","line":13,"level":"DEBUG","message":"COOL","timestamp":"2020-09-20T19:48:27.332694+04:00"}
{"app_name":"microservice","function":"performance/utils.MiddlewareRequest.func1","file":"middleware.go","line":13,"level":"DEBUG","message":"COOL","timestamp":"2020-09-20T19:48:27.690571+04:00"}
{"app_name":"microservice","function":"performance/utils.MiddlewareRequest.func1","file":"middleware.go","line":13,"level":"DEBUG","message":"COOL","timestamp":"2020-09-20T19:48:28.157437+04:00"}
{"app_name":"microservice","function":"performance/utils.MiddlewareRequest.func1","file":"middleware.go","line":13,"level":"DEBUG","message":"COOL","timestamp":"2020-09-20T19:48:28.201061+04:00"}
{"app_name":"microservice","function":"performance/utils.MiddlewareRequest.func1","file":"middleware.go","line":13,"level":"DEBUG","message":"COOL","timestamp":"2020-09-20T19:48:28.359313+04:00"}
{"app_name":"microservice","function":"performance/utils.MiddlewareRequest.func1","file":"middleware.go","line":13,"level":"DEBUG","message":"COOL","timestamp":"2020-09-20T19:48:30.726402+04:00"}
{"app_name":"microservice","function":"performance/utils.MiddlewareRequest.func1","file":"middleware.go","line":13,"level":"DEBUG","message":"COOL","timestamp":"2020-09-20T19:48:30.881838+04:00"}
{"app_name":"microservice","function":"performance/utils.MiddlewareRequest.func1","file":"middleware.go","line":13,"level":"DEBUG","message":"COOL","timestamp":"2020-09-20T19:48:31.466749+04:00"}
{"app_name":"microservice","function":"performance/utils.MiddlewareRequest.func1","file":"middleware.go","line":13,"level":"DEBUG","message":"COOL","timestamp":"2020-09-20T19:48:31.651594+04:00"}
{"app_name":"microservice","function":"performance/utils.MiddlewareRequest.func1","file":"middleware.go","line":13,"level":"DEBUG","message":"COOL","timestamp":"2020-09-20T19:48:31.905378+04:00"}
{"app_name":"microservice","function":"performance/utils.MiddlewareRequest.func1","file":"middleware.go","line":13,"level":"DEBUG","message":"COOL","timestamp":"2020-09-20T19:48:32.014469+04:00"}
{"app_name":"microservice","function":"performance/utils.MiddlewareRequest.func1","file":"middleware.go","line":13,"level":"DEBUG","message":"COOL","timestamp":"2020-09-20T19:48:32.845101+04:00"}
{"app_name":"microservice","function":"performance/utils.MiddlewareRequest.func1","file":"middleware.go","line":13,"level":"DEBUG","message":"COOL","timestamp":"2020-09-20T19:48:32.934427+04:00"}
{"app_name":"microservice","function":"main.main","file":"main.go","line":15,"level":"FATAL","message":"Error","timestamp":"2020-09-20T19:52:44.514485+04:00"}
{"app_name":"microservice","function":"performance/utils.MiddlewareRequest.func1","file":"middleware.go","line":13,"level":"DEBUG","message":"COOL","timestamp":"2020-09-20T19:52:45.141459+04:00"}
{"app_name":"microservice","function":"performance/utils.MiddlewareRequest.func1","file":"middleware.go","line":13,"level":"DEBUG","message":"COOL","timestamp":"2020-09-20T19:52:45.404104+04:00"}
{"app_name":"microservice","function":"performance/utils.MiddlewareRequest.func1","file":"middleware.go","line":13,"level":"DEBUG","message":"COOL","timestamp":"2020-09-20T19:52:47.536769+04:00"}
{"app_name":"microservice","function":"performance/utils.MiddlewareRequest.func1","file":"middleware.go","line":13,"level":"DEBUG","message":"COOL","timestamp":"2020-09-20T19:52:47.698023+04:00"}
{"app_name":"microservice","function":"performance/utils.MiddlewareRequest.func1","file":"middleware.go","line":13,"level":"DEBUG","message":"COOL","timestamp":"2020-09-20T19:52:48.968851+04:00"}
{"app_name":"microservice","function":"performance/utils.MiddlewareRequest.func1","file":"middleware.go","line":13,"level":"DEBUG","message":"COOL","timestamp":"2020-09-20T19:52:49.169371+04:00"}
{"app_name":"microservice","function":"performance/utils.MiddlewareRequest.func1","file":"middleware.go","line":13,"level":"DEBUG","message":"COOL","timestamp":"2020-09-20T19:52:49.649766+04:00"}
{"app_name":"microservice","function":"performance/utils.MiddlewareRequest.func1","file":"middleware.go","line":13,"level":"DEBUG","message":"COOL","timestamp":"2020-09-20T19:52:49.868326+04:00"}
{"app_name":"microservice","function":"performance/utils.MiddlewareRequest.func1","file":"middleware.go","line":13,"level":"DEBUG","message":"COOL","timestamp":"2020-09-20T19:52:50.179061+04:00"}
{"app_name":"microservice","function":"performance/utils.MiddlewareRequest.func1","file":"middleware.go","line":13,"level":"DEBUG","message":"COOL","timestamp":"2020-09-20T19:52:50.311797+04:00"}
{"app_name":"microservice","function":"performance/utils.MiddlewareRequest.func1","file":"middleware.go","line":13,"level":"DEBUG","message":"COOL","timestamp":"2020-09-20T19:52:50.733195+04:00"}
{"app_name":"microservice","function":"performance/utils.MiddlewareRequest.func1","file":"middleware.go","line":13,"level":"DEBUG","message":"COOL","timestamp":"2020-09-20T19:52:50.93835+04:00"}
{"app_name":"microservice","function":"performance/utils.MiddlewareRequest.func1","file":"middleware.go","line":13,"level":"DEBUG","message":"COOL","timestamp":"2020-09-20T19:52:51.028159+04:00"}
{"app_name":"microservice","function":"performance/utils.MiddlewareRequest.func1","file":"middleware.go","line":13,"level":"DEBUG","message":"COOL","timestamp":"2020-09-20T19:52:51.12952+04:00"}
{"app_name":"microservice","function":"performance/utils.MiddlewareRequest.func1","file":"middleware.go","line":13,"level":"DEBUG","message":"COOL","timestamp":"2020-09-20T19:52:51.38513+04:00"}
{"app_name":"microservice","function":"performance/utils.MiddlewareRequest.func1","file":"middleware.go","line":13,"level":"DEBUG","message":"COOL","timestamp":"2020-09-20T19:52:51.520421+04:00"}
{"app_name":"microservice","function":"main.main","file":"main.go","line":15,"level":"FATAL","message":"Error","timestamp":"2020-09-20T19:53:03.432248+04:00"}
{"app_name":"microservice","function":"performance/utils.MiddlewareRequest.func1","file":"middleware.go","line":13,"level":"DEBUG","message":"COOL","timestamp":"2020-09-20T19:53:04.435035+04:00"}
{"app_name":"microservice","function":"performance/utils.MiddlewareRequest.func1","file":"middleware.go","line":13,"level":"DEBUG","message":"COOL","timestamp":"2020-09-20T19:53:04.60571+04:00"}
{"app_name":"microservice","function":"performance/utils.MiddlewareRequest.func1","file":"middleware.go","line":13,"level":"DEBUG","message":"COOL","timestamp":"2020-09-20T19:53:05.227152+04:00"}
{"app_name":"microservice","function":"performance/utils.MiddlewareRequest.func1","file":"middleware.go","line":13,"level":"DEBUG","message":"COOL","timestamp":"2020-09-20T19:53:05.365106+04:00"}
{"app_name":"microservice","function":"performance/utils.MiddlewareRequest.func1","file":"middleware.go","line":13,"level":"DEBUG","message":"COOL","timestamp":"2020-09-20T19:53:17.764428+04:00"}
{"app_name":"microservice","function":"performance/utils.MiddlewareRequest.func1","file":"middleware.go","line":13,"level":"DEBUG","message":"COOL","timestamp":"2020-09-20T19:53:18.038776+04:00"}
{"app_name":"microservice","function":"performance/utils.MiddlewareRequest.func1","file":"middleware.go","line":13,"level":"DEBUG","message":"COOL","timestamp":"2020-09-20T19:53:21.227733+04:00"}
{"app_name":"microservice","function":"performance/utils.MiddlewareRequest.func1","file":"middleware.go","line":13,"level":"DEBUG","message":"COOL","timestamp":"2020-09-20T19:53:21.384815+04:00"}
{"app_name":"microservice","function":"performance/utils.MiddlewareRequest.func1","file":"middleware.go","line":13,"level":"DEBUG","message":"COOL","timestamp":"2020-09-20T19:53:23.2326+04:00"}
{"app_name":"microservice","function":"performance/utils.MiddlewareRequest.func1","file":"middleware.go","line":13,"level":"DEBUG","message":"COOL","timestamp":"2020-09-20T19:53:24.203782+04:00"}
{"app_name":"microservice","function":"main.main","file":"main.go","line":15,"level":"FATAL","message":"Error","timestamp":"2020-09-20T19:54:41.830178+04:00"}
{"app_name":"microservice","function":"performance/utils.MiddlewareRequest.func1","file":"middleware.go","line":13,"level":"DEBUG","message":"COOL","timestamp":"2020-09-20T19:54:42.700047+04:00"}
{"app_name":"microservice","function":"performance/utils.MiddlewareRequest.func1","file":"middleware.go","line":13,"level":"DEBUG","message":"COOL","timestamp":"2020-09-20T19:54:43.045933+04:00"}
{"app_name":"microservice","function":"performance/utils.MiddlewareRequest.func1","file":"middleware.go","line":13,"level":"DEBUG","message":"COOL","timestamp":"2020-09-20T19:54:50.271456+04:00"}
{"app_name":"microservice","function":"performance/utils.MiddlewareRequest.func1","file":"middleware.go","line":13,"level":"DEBUG","message":"COOL","timestamp":"2020-09-20T19:54:51.064569+04:00"}
{"app_name":"microservice","function":"performance/utils.MiddlewareRequest.func1","file":"middleware.go","line":13,"level":"DEBUG","message":"COOL","timestamp":"2020-09-20T19:54:51.64772+04:00"}
{"app_name":"microservice","function":"performance/utils.MiddlewareRequest.func1","file":"middleware.go","line":13,"level":"DEBUG","message":"COOL","timestamp":"2020-09-20T19:54:52.334802+04:00"}
{"app_name":"microservice","function":"performance/utils.MiddlewareRequest.func1","file":"middleware.go","line":13,"level":"DEBUG","message":"COOL","timestamp":"2020-09-20T19:54:54.862235+04:00"}
{"app_name":"microservice","function":"main.main","file":"main.go","line":15,"level":"FATAL","message":"Error","timestamp":"2020-09-20T20:22:19.696328+04:00"}
{"app_name":"microservice","function":"performance/routes.MainApi","file":"home.go","line":14,"level":"FATAL","message":{},"timestamp":"2020-09-20T20:22:21.163684+04:00"}
{"app_name":"microservice","function":"main.main","file":"main.go","line":15,"level":"FATAL","message":"Error","timestamp":"2020-09-20T20:25:51.589202+04:00"}
{"app_name":"microservice","function":"performance/routes.MainApi","file":"home.go","line":16,"level":"FATAL","message":"Error base error","timestamp":"2020-09-20T20:25:55.621272+04:00"}
{"app_name":"microservice","function":"main.main","file":"main.go","line":15,"level":"FATAL","message":"Error","timestamp":"2020-09-20T20:26:56.568021+04:00"}
{"app_name":"microservice","function":"main.main","file":"main.go","line":15,"level":"FATAL","message":"Error","timestamp":"2020-09-21T10:32:24.65129+04:00"}
{"app_name":"microservice","function":"main.main","file":"main.go","line":15,"level":"FATAL","message":"Error","timestamp":"2020-09-21T10:32:39.394908+04:00"}
